external/chips/build/outputs/logs/manifest-merger-debug-report.txt
-- Merging decision tree log ---
manifest
ADDED from external\chips\AndroidManifest.xml:16:1-26:12
INJECTED from external\chips\AndroidManifest.xml:16:1-26:12
INJECTED from external\chips\AndroidManifest.xml:16:1-26:12
INJECTED from external\chips\AndroidManifest.xml:16:1-26:12
INJECTED from external\chips\AndroidManifest.xml:16:1-26:12
	package
		ADDED from external\chips\AndroidManifest.xml:17:11-41
		INJECTED from external\chips\AndroidManifest.xml
		INJECTED from external\chips\AndroidManifest.xml
	xmlns:android
		ADDED from external\chips\AndroidManifest.xml:16:11-69
	android:versionCode
		ADDED from external\chips\AndroidManifest.xml:18:11-34
		INJECTED from external\chips\AndroidManifest.xml
		INJECTED from external\chips\AndroidManifest.xml
uses-sdk
ADDED from external\chips\AndroidManifest.xml:20:5-22:41
INJECTED from external\chips\AndroidManifest.xml:20:5-22:41
INJECTED from external\chips\AndroidManifest.xml:20:5-22:41
INJECTED from external\chips\AndroidManifest.xml:20:5-22:41
INJECTED from external\chips\AndroidManifest.xml:20:5-22:41
	android:targetSdkVersion
		ADDED from external\chips\AndroidManifest.xml:22:9-38
		INJECTED from external\chips\AndroidManifest.xml
		INJECTED from external\chips\AndroidManifest.xml
	android:minSdkVersion
		ADDED from external\chips\AndroidManifest.xml:21:9-35
		INJECTED from external\chips\AndroidManifest.xml
		INJECTED from external\chips\AndroidManifest.xml
application
ADDED from external\chips\AndroidManifest.xml:24:5-20